<?xml version="1.0" encoding="UTF-8" ?>
<testsuite failures="0" time="0.012" errors="0" skipped="0" tests="1" name="com.acme.AppTest">
  <properties>
    <property name="java.runtime.name" value="Java(TM) SE Runtime Environment"/>
    <property name="sun.boot.library.path" value="/space/tools/jdk1.6.0_14/jre/lib/amd64"/>
    <property name="java.vm.version" value="14.0-b16"/>
    <property name="java.vm.vendor" value="Sun Microsystems Inc."/>
    <property name="java.vendor.url" value="http://java.sun.com/"/>
    <property name="path.separator" value=":"/>
    <property name="java.vm.name" value="Java HotSpot(TM) 64-Bit Server VM"/>
    <property name="file.encoding.pkg" value="sun.io"/>
    <property name="user.country" value="US"/>
    <property name="sun.java.launcher" value="SUN_STANDARD"/>
    <property name="sun.os.patch.level" value="unknown"/>
    <property name="java.vm.specification.name" value="Java Virtual Machine Specification"/>
    <property name="user.dir" value="/space/work/v3/appserv-tests/devtests/ejb/ee/cluster-tests/multi-restart"/>
    <property name="java.runtime.version" value="1.6.0_14-b08"/>
    <property name="java.awt.graphicsenv" value="sun.awt.X11GraphicsEnvironment"/>
    <property name="basedir" value="/space/work/v3/appserv-tests/devtests/ejb/ee/cluster-tests/multi-restart"/>
    <property name="java.endorsed.dirs" value="/space/tools/jdk1.6.0_14/jre/lib/endorsed"/>
    <property name="os.arch" value="amd64"/>
    <property name="surefire.real.class.path" value="/tmp/surefirebooter6967711436537566553.jar"/>
    <property name="java.io.tmpdir" value="/tmp"/>
    <property name="line.separator" value="
"/>
    <property name="java.vm.specification.vendor" value="Sun Microsystems Inc."/>
    <property name="os.name" value="Linux"/>
    <property name="sun.jnu.encoding" value="ISO-8859-1"/>
    <property name="java.library.path" value="/space/tools/jdk1.6.0_14/jre/lib/amd64/server:/space/tools/jdk1.6.0_14/jre/lib/amd64:/space/tools/jdk1.6.0_14/jre/../lib/amd64:/usr/java/packages/lib/amd64:/lib:/usr/lib"/>
    <property name="surefire.test.class.path" value="/space/work/v3/appserv-tests/devtests/ejb/ee/cluster-tests/multi-restart/target/test-classes:/space/work/v3/appserv-tests/devtests/ejb/ee/cluster-tests/multi-restart/target/classes:/home/mk/.m2/repository/junit/junit/3.8.1/junit-3.8.1.jar:"/>
    <property name="java.specification.name" value="Java Platform API Specification"/>
    <property name="java.class.version" value="50.0"/>
    <property name="sun.management.compiler" value="HotSpot 64-Bit Server Compiler"/>
    <property name="os.version" value="2.6.32-22-generic"/>
    <property name="user.home" value="/home/mk"/>
    <property name="user.timezone" value=""/>
    <property name="java.awt.printerjob" value="sun.print.PSPrinterJob"/>
    <property name="file.encoding" value="ISO-8859-1"/>
    <property name="java.specification.version" value="1.6"/>
    <property name="user.name" value="mk"/>
    <property name="java.class.path" value="/space/work/v3/appserv-tests/devtests/ejb/ee/cluster-tests/multi-restart/target/test-classes:/space/work/v3/appserv-tests/devtests/ejb/ee/cluster-tests/multi-restart/target/classes:/home/mk/.m2/repository/junit/junit/3.8.1/junit-3.8.1.jar:"/>
    <property name="java.vm.specification.version" value="1.0"/>
    <property name="sun.arch.data.model" value="64"/>
    <property name="java.home" value="/space/tools/jdk1.6.0_14/jre"/>
    <property name="java.specification.vendor" value="Sun Microsystems Inc."/>
    <property name="user.language" value="en"/>
    <property name="java.vm.info" value="mixed mode"/>
    <property name="java.version" value="1.6.0_14"/>
    <property name="java.ext.dirs" value="/space/tools/jdk1.6.0_14/jre/lib/ext:/usr/java/packages/lib/ext"/>
    <property name="sun.boot.class.path" value="/space/tools/jdk1.6.0_14/jre/lib/resources.jar:/space/tools/jdk1.6.0_14/jre/lib/rt.jar:/space/tools/jdk1.6.0_14/jre/lib/sunrsasign.jar:/space/tools/jdk1.6.0_14/jre/lib/jsse.jar:/space/tools/jdk1.6.0_14/jre/lib/jce.jar:/space/tools/jdk1.6.0_14/jre/lib/charsets.jar:/space/tools/jdk1.6.0_14/jre/classes"/>
    <property name="java.vendor" value="Sun Microsystems Inc."/>
    <property name="localRepository" value="/home/mk/.m2/repository"/>
    <property name="file.separator" value="/"/>
    <property name="java.vendor.url.bug" value="http://java.sun.com/cgi-bin/bugreport.cgi"/>
    <property name="sun.cpu.endian" value="little"/>
    <property name="sun.io.unicode.encoding" value="UnicodeLittle"/>
    <property name="sun.desktop" value="gnome"/>
    <property name="sun.cpu.isalist" value=""/>
  </properties>
  <testcase time="0.001" classname="com.acme.AppTest" name="testApp"/>
</testsuite>